<?xml version="1.0" encoding="UTF-8"?>
<testsuite name="com.jrj.m.dao.NewsDAOTest" tests="1" skipped="0" failures="0" errors="0" timestamp="2015-01-20T09:10:17" hostname="weibo-qin" time="0.655">
  <properties/>
  <testcase name="getNewsTest" classname="com.jrj.m.dao.NewsDAOTest" time="0.655"/>
  <system-out><![CDATA[[News [iiid=12, title=jrj_newss, intro=jrj_news]]
]]></system-out>
  <system-err><![CDATA[]]></system-err>
</testsuite>
